[INFO] Scanning for projects...
[INFO] 
[INFO] -----------------------< com.esun:social-media >------------------------
[INFO] Building social-media 0.0.1-SNAPSHOT
[INFO]   from pom.xml
[INFO] --------------------------------[ jar ]---------------------------------
[INFO] 
[INFO] >>> spring-boot:3.5.0:run (default-cli) > test-compile @ social-media >>>
[INFO] 
[INFO] --- resources:3.3.1:resources (default-resources) @ social-media ---
[INFO] Copying 1 resource from src\main\resources to target\classes
[INFO] Copying 0 resource from src\main\resources to target\classes
[INFO] 
[INFO] --- compiler:3.14.0:compile (default-compile) @ social-media ---
[INFO] Nothing to compile - all classes are up to date.
[INFO] 
[INFO] --- resources:3.3.1:testResources (default-testResources) @ social-media ---
[INFO] skip non existing resourceDirectory C:\SimpleSocialMedia\backend\src\test\resources
[INFO] 
[INFO] --- compiler:3.14.0:testCompile (default-testCompile) @ social-media ---
[INFO] Nothing to compile - all classes are up to date.
[INFO] 
[INFO] <<< spring-boot:3.5.0:run (default-cli) < test-compile @ social-media <<<
[INFO] 
[INFO] 
[INFO] --- spring-boot:3.5.0:run (default-cli) @ social-media ---
[INFO] Attaching agents: []

  .   ____          _            __ _ _
 /\\ / ___'_ __ _ _(_)_ __  __ _ \ \ \ \
( ( )\___ | '_ | '_| | '_ \/ _` | \ \ \ \
 \\/  ___)| |_)| | | | | || (_| |  ) ) ) )
  '  |____| .__|_| |_|_| |_\__, | / / / /
 =========|_|==============|___/=/_/_/_/

 :: Spring Boot ::                (v3.5.0)

2026-03-28T20:55:55.296+08:00  INFO 3380 --- [social-media] [           main] c.e.socialmedia.SocialMediaApplication   : Starting SocialMediaApplication using Java 25.0.2 with PID 3380 (C:\SimpleSocialMedia\backend\target\classes started by Shinda in C:\SimpleSocialMedia\backend)
2026-03-28T20:55:55.298+08:00  INFO 3380 --- [social-media] [           main] c.e.socialmedia.SocialMediaApplication   : No active profile set, falling back to 1 default profile: "default"
2026-03-28T20:55:55.940+08:00  INFO 3380 --- [social-media] [           main] .s.d.r.c.RepositoryConfigurationDelegate : Bootstrapping Spring Data JPA repositories in DEFAULT mode.
2026-03-28T20:55:55.977+08:00  INFO 3380 --- [social-media] [           main] .s.d.r.c.RepositoryConfigurationDelegate : Finished Spring Data repository scanning in 22 ms. Found 0 JPA repository interfaces.
2026-03-28T20:55:56.495+08:00  INFO 3380 --- [social-media] [           main] o.s.b.w.embedded.tomcat.TomcatWebServer  : Tomcat initialized with port 8080 (http)
2026-03-28T20:55:56.513+08:00  INFO 3380 --- [social-media] [           main] o.apache.catalina.core.StandardService   : Starting service [Tomcat]
2026-03-28T20:55:56.513+08:00  INFO 3380 --- [social-media] [           main] o.apache.catalina.core.StandardEngine    : Starting Servlet engine: [Apache Tomcat/10.1.41]
2026-03-28T20:55:56.572+08:00  INFO 3380 --- [social-media] [           main] o.a.c.c.C.[Tomcat].[localhost].[/]       : Initializing Spring embedded WebApplicationContext
2026-03-28T20:55:56.572+08:00  INFO 3380 --- [social-media] [           main] w.s.c.ServletWebServerApplicationContext : Root WebApplicationContext: initialization completed in 1219 ms
2026-03-28T20:55:56.728+08:00  INFO 3380 --- [social-media] [           main] o.hibernate.jpa.internal.util.LogHelper  : HHH000204: Processing PersistenceUnitInfo [name: default]
2026-03-28T20:55:56.769+08:00  INFO 3380 --- [social-media] [           main] org.hibernate.Version                    : HHH000412: Hibernate ORM core version 6.6.15.Final
2026-03-28T20:55:56.795+08:00  INFO 3380 --- [social-media] [           main] o.h.c.internal.RegionFactoryInitiator    : HHH000026: Second-level cache disabled
2026-03-28T20:55:57.035+08:00  INFO 3380 --- [social-media] [           main] o.s.o.j.p.SpringPersistenceUnitInfo      : No LoadTimeWeaver setup: ignoring JPA class transformer
2026-03-28T20:55:57.073+08:00  INFO 3380 --- [social-media] [           main] com.zaxxer.hikari.HikariDataSource       : HikariPool-1 - Starting...
2026-03-28T20:55:57.234+08:00  INFO 3380 --- [social-media] [           main] com.zaxxer.hikari.pool.HikariPool        : HikariPool-1 - Added connection com.mysql.cj.jdbc.ConnectionImpl@1657b017
2026-03-28T20:55:57.236+08:00  INFO 3380 --- [social-media] [           main] com.zaxxer.hikari.HikariDataSource       : HikariPool-1 - Start completed.
2026-03-28T20:55:57.292+08:00  WARN 3380 --- [social-media] [           main] org.hibernate.orm.deprecation            : HHH90000025: MySQLDialect does not need to be specified explicitly using 'hibernate.dialect' (remove the property setting and it will be selected by default)
2026-03-28T20:55:57.307+08:00  INFO 3380 --- [social-media] [           main] org.hibernate.orm.connections.pooling    : HHH10001005: Database info:
	Database JDBC URL [Connecting through datasource 'HikariDataSource (HikariPool-1)']
	Database driver: undefined/unknown
	Database version: 8.4.8
	Autocommit mode: undefined/unknown
	Isolation level: undefined/unknown
	Minimum pool size: undefined/unknown
	Maximum pool size: undefined/unknown
2026-03-28T20:55:58.038+08:00  INFO 3380 --- [social-media] [           main] o.h.e.t.j.p.i.JtaPlatformInitiator       : HHH000489: No JTA platform available (set 'hibernate.transaction.jta.platform' to enable JTA platform integration)
2026-03-28T20:55:58.041+08:00  INFO 3380 --- [social-media] [           main] j.LocalContainerEntityManagerFactoryBean : Initialized JPA EntityManagerFactory for persistence unit 'default'
2026-03-28T20:55:58.212+08:00  WARN 3380 --- [social-media] [           main] JpaBaseConfiguration$JpaWebConfiguration : spring.jpa.open-in-view is enabled by default. Therefore, database queries may be performed during view rendering. Explicitly configure spring.jpa.open-in-view to disable this warning
2026-03-28T20:55:58.408+08:00  WARN 3380 --- [social-media] [           main] .s.s.UserDetailsServiceAutoConfiguration : 

Using generated security password: d0354aaa-63d6-4cdc-a80b-79e6d8b7f6a8

This generated password is for development use only. Your security configuration must be updated before running your application in production.

2026-03-28T20:55:58.420+08:00  INFO 3380 --- [social-media] [           main] r$InitializeUserDetailsManagerConfigurer : Global AuthenticationManager configured with UserDetailsService bean with name inMemoryUserDetailsManager
2026-03-28T20:55:58.706+08:00  INFO 3380 --- [social-media] [           main] o.s.b.w.embedded.tomcat.TomcatWebServer  : Tomcat started on port 8080 (http) with context path '/'
2026-03-28T20:55:58.718+08:00  INFO 3380 --- [social-media] [           main] c.e.socialmedia.SocialMediaApplication   : Started SocialMediaApplication in 3.831 seconds (process running for 4.175)
